# JRE version: Java(TM) SE Runtime Environment (8.0_161-b12) (build 1.8.0_161-b12)
# Java VM: Java HotSpot(TM) 64-Bit Server VM (25.161-b12 mixed mode linux-amd64 compressed oops)
Heap:
 PSYoungGen      total 262656K, used 148989K [0x00000000d7100000, 0x00000000e8e00000, 0x0000000100000000)
  eden space 244224K, 61% used [0x00000000d7100000,0x00000000e027f728,0x00000000e5f80000)
  from space 18432K, 0% used [0x00000000e5f80000,0x00000000e5f80000,0x00000000e7180000)
  to   space 20480K, 0% used [0x00000000e7a00000,0x00000000e7a00000,0x00000000e8e00000)
 ParOldGen       total 144384K, used 54305K [0x0000000085200000, 0x000000008df00000, 0x00000000d7100000)
  object space 144384K, 37% used [0x0000000085200000,0x0000000088708538,0x000000008df00000)
 Metaspace       used 27557K, capacity 27860K, committed 28032K, reserved 1073152K
  class space    used 3248K, capacity 3366K, committed 3456K, reserved 1048576K
GC Heap History (10 events):
Event: 4,195 GC heap before
{Heap before GC invocations=7 (full 0):
 PSYoungGen      total 137728K, used 123479K [0x00000000d7100000, 0x00000000e0400000, 0x0000000100000000)
  eden space 126464K, 89% used [0x00000000d7100000,0x00000000ddfcb978,0x00000000dec80000)
  from space 11264K, 89% used [0x00000000df800000,0x00000000e01ca5c0,0x00000000e0300000)
  to   space 11776K, 0% used [0x00000000dec80000,0x00000000dec80000,0x00000000df800000)
 ParOldGen       total 84992K, used 11484K [0x0000000085200000, 0x000000008a500000, 0x00000000d7100000)
  object space 84992K, 13% used [0x0000000085200000,0x0000000085d373c8,0x000000008a500000)
 Metaspace       used 20938K, capacity 21124K, committed 21248K, reserved 1069056K
  class space    used 2424K, capacity 2516K, committed 2560K, reserved 1048576K
Event: 4,227 GC heap after
Heap after GC invocations=7 (full 0):
 PSYoungGen      total 138240K, used 11769K [0x00000000d7100000, 0x00000000e8d00000, 0x0000000100000000)
  eden space 126464K, 0% used [0x00000000d7100000,0x00000000d7100000,0x00000000dec80000)
  from space 11776K, 99% used [0x00000000dec80000,0x00000000df7fe500,0x00000000df800000)
  to   space 18944K, 0% used [0x00000000e7a80000,0x00000000e7a80000,0x00000000e8d00000)
 ParOldGen       total 84992K, used 22715K [0x0000000085200000, 0x000000008a500000, 0x00000000d7100000)
  object space 84992K, 26% used [0x0000000085200000,0x000000008682ef70,0x000000008a500000)
 Metaspace       used 20938K, capacity 21124K, committed 21248K, reserved 1069056K
  class space    used 2424K, capacity 2516K, committed 2560K, reserved 1048576K
}
Event: 4,227 GC heap before
{Heap before GC invocations=8 (full 1):
 PSYoungGen      total 138240K, used 11769K [0x00000000d7100000, 0x00000000e8d00000, 0x0000000100000000)
  eden space 126464K, 0% used [0x00000000d7100000,0x00000000d7100000,0x00000000dec80000)
  from space 11776K, 99% used [0x00000000dec80000,0x00000000df7fe500,0x00000000df800000)
  to   space 18944K, 0% used [0x00000000e7a80000,0x00000000e7a80000,0x00000000e8d00000)
 ParOldGen       total 84992K, used 22715K [0x0000000085200000, 0x000000008a500000, 0x00000000d7100000)
  object space 84992K, 26% used [0x0000000085200000,0x000000008682ef70,0x000000008a500000)
 Metaspace       used 20938K, capacity 21124K, committed 21248K, reserved 1069056K
  class space    used 2424K, capacity 2516K, committed 2560K, reserved 1048576K
Event: 4,339 GC heap after
Heap after GC invocations=8 (full 1):
 PSYoungGen      total 138240K, used 0K [0x00000000d7100000, 0x00000000e8d00000, 0x0000000100000000)
  eden space 126464K, 0% used [0x00000000d7100000,0x00000000d7100000,0x00000000dec80000)
  from space 11776K, 0% used [0x00000000dec80000,0x00000000dec80000,0x00000000df800000)
  to   space 18944K, 0% used [0x00000000e7a80000,0x00000000e7a80000,0x00000000e8d00000)
 ParOldGen       total 80384K, used 25276K [0x0000000085200000, 0x000000008a080000, 0x00000000d7100000)
  object space 80384K, 31% used [0x0000000085200000,0x0000000086aaf068,0x000000008a080000)
 Metaspace       used 20938K, capacity 21124K, committed 21248K, reserved 1069056K
  class space    used 2424K, capacity 2516K, committed 2560K, reserved 1048576K
}
Event: 7,017 GC heap before
{Heap before GC invocations=9 (full 1):
 PSYoungGen      total 138240K, used 126464K [0x00000000d7100000, 0x00000000e8d00000, 0x0000000100000000)
  eden space 126464K, 100% used [0x00000000d7100000,0x00000000dec80000,0x00000000dec80000)
  from space 11776K, 0% used [0x00000000dec80000,0x00000000dec80000,0x00000000df800000)
  to   space 18944K, 0% used [0x00000000e7a80000,0x00000000e7a80000,0x00000000e8d00000)
 ParOldGen       total 80384K, used 25276K [0x0000000085200000, 0x000000008a080000, 0x00000000d7100000)
  object space 80384K, 31% used [0x0000000085200000,0x0000000086aaf068,0x000000008a080000)
 Metaspace       used 24157K, capacity 24460K, committed 24576K, reserved 1071104K
  class space    used 2889K, capacity 3002K, committed 3072K, reserved 1048576K
Event: 7,029 GC heap after
Heap after GC invocations=9 (full 1):
 PSYoungGen      total 203264K, used 8936K [0x00000000d7100000, 0x00000000e8380000, 0x0000000100000000)
  eden space 194048K, 0% used [0x00000000d7100000,0x00000000d7100000,0x00000000e2e80000)
  from space 9216K, 96% used [0x00000000e7a80000,0x00000000e833a0e0,0x00000000e8380000)
  to   space 18432K, 0% used [0x00000000e5f80000,0x00000000e5f80000,0x00000000e7180000)
 ParOldGen       total 80384K, used 25284K [0x0000000085200000, 0x000000008a080000, 0x00000000d7100000)
  object space 80384K, 31% used [0x0000000085200000,0x0000000086ab1068,0x000000008a080000)
 Metaspace       used 24157K, capacity 24460K, committed 24576K, reserved 1071104K
  class space    used 2889K, capacity 3002K, committed 3072K, reserved 1048576K
}
Event: 12,130 GC heap before
{Heap before GC invocations=10 (full 1):
 PSYoungGen      total 203264K, used 197679K [0x00000000d7100000, 0x00000000e8380000, 0x0000000100000000)
  eden space 194048K, 97% used [0x00000000d7100000,0x00000000e2951ba0,0x00000000e2e80000)
  from space 9216K, 96% used [0x00000000e7a80000,0x00000000e833a0e0,0x00000000e8380000)
  to   space 18432K, 0% used [0x00000000e5f80000,0x00000000e5f80000,0x00000000e7180000)
 ParOldGen       total 80384K, used 25284K [0x0000000085200000, 0x000000008a080000, 0x00000000d7100000)
  object space 80384K, 31% used [0x0000000085200000,0x0000000086ab1068,0x000000008a080000)
 Metaspace       used 27408K, capacity 27732K, committed 28032K, reserved 1073152K
  class space    used 3235K, capacity 3366K, committed 3456K, reserved 1048576K
Event: 12,169 GC heap after
Heap after GC invocations=10 (full 1):
 PSYoungGen      total 262656K, used 17259K [0x00000000d7100000, 0x00000000e8e00000, 0x0000000100000000)
  eden space 244224K, 0% used [0x00000000d7100000,0x00000000d7100000,0x00000000e5f80000)
  from space 18432K, 93% used [0x00000000e5f80000,0x00000000e705aef8,0x00000000e7180000)
  to   space 20480K, 0% used [0x00000000e7a00000,0x00000000e7a00000,0x00000000e8e00000)
 ParOldGen       total 80384K, used 65792K [0x0000000085200000, 0x000000008a080000, 0x00000000d7100000)
  object space 80384K, 81% used [0x0000000085200000,0x00000000892400b8,0x000000008a080000)
 Metaspace       used 27408K, capacity 27732K, committed 28032K, reserved 1073152K
  class space    used 3235K, capacity 3366K, committed 3456K, reserved 1048576K
}
Event: 12,169 GC heap before
{Heap before GC invocations=11 (full 2):
 PSYoungGen      total 262656K, used 17259K [0x00000000d7100000, 0x00000000e8e00000, 0x0000000100000000)
  eden space 244224K, 0% used [0x00000000d7100000,0x00000000d7100000,0x00000000e5f80000)
  from space 18432K, 93% used [0x00000000e5f80000,0x00000000e705aef8,0x00000000e7180000)
  to   space 20480K, 0% used [0x00000000e7a00000,0x00000000e7a00000,0x00000000e8e00000)
 ParOldGen       total 80384K, used 65792K [0x0000000085200000, 0x000000008a080000, 0x00000000d7100000)
  object space 80384K, 81% used [0x0000000085200000,0x00000000892400b8,0x000000008a080000)
 Metaspace       used 27408K, capacity 27732K, committed 28032K, reserved 1073152K
  class space    used 3235K, capacity 3366K, committed 3456K, reserved 1048576K
Event: 12,293 GC heap after
Heap after GC invocations=11 (full 2):
 PSYoungGen      total 262656K, used 0K [0x00000000d7100000, 0x00000000e8e00000, 0x0000000100000000)
  eden space 244224K, 0% used [0x00000000d7100000,0x00000000d7100000,0x00000000e5f80000)
  from space 18432K, 0% used [0x00000000e5f80000,0x00000000e5f80000,0x00000000e7180000)
  to   space 20480K, 0% used [0x00000000e7a00000,0x00000000e7a00000,0x00000000e8e00000)
 ParOldGen       total 144384K, used 54305K [0x0000000085200000, 0x000000008df00000, 0x00000000d7100000)
  object space 144384K, 37% used [0x0000000085200000,0x0000000088708538,0x000000008df00000)
 Metaspace       used 27408K, capacity 27732K, committed 28032K, reserved 1073152K
  class space    used 3235K, capacity 3366K, committed 3456K, reserved 1048576K
}

